<?xml version="1.0" encoding="UTF-8"?>
<testng-results skipped="0" failed="1" total="13" passed="12">
  <reporter-output>
  </reporter-output>
  <suite name="FREE CRM Application Test Automation Test Suite" duration-ms="216266" started-at="2018-08-02T20:38:37Z" finished-at="2018-08-02T20:42:14Z">
    <groups>
    </groups>
    <test name="Free CRM App Test Cases" duration-ms="216266" started-at="2018-08-02T20:38:37Z" finished-at="2018-08-02T20:42:14Z">
      <class name="com.crm.qa.testcases.HomePageTest">
        <test-method status="PASS" signature="setUp()[pri:0, instance:com.crm.qa.testcases.HomePageTest@62043840]" name="setUp" is-config="true" duration-ms="14581" started-at="2018-08-02T13:39:11Z" finished-at="2018-08-02T13:39:25Z">
          <reporter-output>
          </reporter-output>
        </test-method> <!-- setUp -->
        <test-method status="PASS" signature="verifyContactLinkTest()[pri:0, instance:com.crm.qa.testcases.HomePageTest@62043840]" name="verifyContactLinkTest" duration-ms="853" started-at="2018-08-02T13:39:25Z" finished-at="2018-08-02T13:39:26Z">
          <reporter-output>
          </reporter-output>
        </test-method> <!-- verifyContactLinkTest -->
        <test-method status="PASS" signature="tearDown()[pri:0, instance:com.crm.qa.testcases.HomePageTest@62043840]" name="tearDown" is-config="true" duration-ms="667" started-at="2018-08-02T13:39:26Z" finished-at="2018-08-02T13:39:27Z">
          <reporter-output>
          </reporter-output>
        </test-method> <!-- tearDown -->
        <test-method status="PASS" signature="setUp()[pri:0, instance:com.crm.qa.testcases.HomePageTest@62043840]" name="setUp" is-config="true" duration-ms="14340" started-at="2018-08-02T13:39:27Z" finished-at="2018-08-02T13:39:41Z">
          <reporter-output>
          </reporter-output>
        </test-method> <!-- setUp -->
        <test-method status="PASS" signature="verifyHomePageTitleTest()[pri:1, instance:com.crm.qa.testcases.HomePageTest@62043840]" name="verifyHomePageTitleTest" duration-ms="26" started-at="2018-08-02T13:39:41Z" finished-at="2018-08-02T13:39:41Z">
          <reporter-output>
          </reporter-output>
        </test-method> <!-- verifyHomePageTitleTest -->
        <test-method status="PASS" signature="tearDown()[pri:0, instance:com.crm.qa.testcases.HomePageTest@62043840]" name="tearDown" is-config="true" duration-ms="645" started-at="2018-08-02T13:39:41Z" finished-at="2018-08-02T13:39:42Z">
          <reporter-output>
          </reporter-output>
        </test-method> <!-- tearDown -->
        <test-method status="PASS" signature="setUp()[pri:0, instance:com.crm.qa.testcases.HomePageTest@62043840]" name="setUp" is-config="true" duration-ms="11182" started-at="2018-08-02T13:39:42Z" finished-at="2018-08-02T13:39:53Z">
          <reporter-output>
          </reporter-output>
        </test-method> <!-- setUp -->
        <test-method status="PASS" signature="verifyUserNameTest()[pri:2, instance:com.crm.qa.testcases.HomePageTest@62043840]" name="verifyUserNameTest" duration-ms="80" started-at="2018-08-02T13:39:53Z" finished-at="2018-08-02T13:39:53Z">
          <reporter-output>
          </reporter-output>
        </test-method> <!-- verifyUserNameTest -->
        <test-method status="PASS" signature="tearDown()[pri:0, instance:com.crm.qa.testcases.HomePageTest@62043840]" name="tearDown" is-config="true" duration-ms="657" started-at="2018-08-02T13:39:53Z" finished-at="2018-08-02T13:39:54Z">
          <reporter-output>
          </reporter-output>
        </test-method> <!-- tearDown -->
      </class> <!-- com.crm.qa.testcases.HomePageTest -->
      <class name="com.crm.qa.testcases.ContactsPageTest">
        <test-method status="PASS" signature="setUp()[pri:0, instance:com.crm.qa.testcases.ContactsPageTest@5315b42e]" name="setUp" is-config="true" duration-ms="11940" started-at="2018-08-02T13:39:55Z" finished-at="2018-08-02T13:40:06Z">
          <reporter-output>
          </reporter-output>
        </test-method> <!-- setUp -->
        <test-method status="PASS" signature="verifyAddNewContactTest(java.lang.String, java.lang.String, java.lang.String, java.lang.String)[pri:0, instance:com.crm.qa.testcases.ContactsPageTest@5315b42e]" name="verifyAddNewContactTest" duration-ms="3832" started-at="2018-08-02T13:40:06Z" data-provider="getFreeCrmTestData" finished-at="2018-08-02T13:40:10Z">
          <params>
            <param index="0">
              <value>
                <![CDATA[Mr.]]>
              </value>
            </param>
            <param index="1">
              <value>
                <![CDATA[Nihar]]>
              </value>
            </param>
            <param index="2">
              <value>
                <![CDATA[G]]>
              </value>
            </param>
            <param index="3">
              <value>
                <![CDATA[Google]]>
              </value>
            </param>
          </params>
          <reporter-output>
          </reporter-output>
        </test-method> <!-- verifyAddNewContactTest -->
        <test-method status="PASS" signature="tearDown()[pri:0, instance:com.crm.qa.testcases.ContactsPageTest@5315b42e]" name="tearDown" is-config="true" duration-ms="1" started-at="2018-08-02T13:40:10Z" finished-at="2018-08-02T13:40:10Z">
          <reporter-output>
          </reporter-output>
        </test-method> <!-- tearDown -->
        <test-method status="PASS" signature="setUp()[pri:0, instance:com.crm.qa.testcases.ContactsPageTest@5315b42e]" name="setUp" is-config="true" duration-ms="15300" started-at="2018-08-02T13:40:10Z" finished-at="2018-08-02T13:40:26Z">
          <reporter-output>
          </reporter-output>
        </test-method> <!-- setUp -->
        <test-method status="PASS" signature="verifyAddNewContactTest(java.lang.String, java.lang.String, java.lang.String, java.lang.String)[pri:0, instance:com.crm.qa.testcases.ContactsPageTest@5315b42e]" name="verifyAddNewContactTest" duration-ms="2754" started-at="2018-08-02T13:40:26Z" data-provider="getFreeCrmTestData" finished-at="2018-08-02T13:40:28Z">
          <params>
            <param index="0">
              <value>
                <![CDATA[Mrs.]]>
              </value>
            </param>
            <param index="1">
              <value>
                <![CDATA[Kay]]>
              </value>
            </param>
            <param index="2">
              <value>
                <![CDATA[S]]>
              </value>
            </param>
            <param index="3">
              <value>
                <![CDATA[Facebook]]>
              </value>
            </param>
          </params>
          <reporter-output>
          </reporter-output>
        </test-method> <!-- verifyAddNewContactTest -->
        <test-method status="PASS" signature="tearDown()[pri:0, instance:com.crm.qa.testcases.ContactsPageTest@5315b42e]" name="tearDown" is-config="true" duration-ms="0" started-at="2018-08-02T13:40:28Z" finished-at="2018-08-02T13:40:28Z">
          <reporter-output>
          </reporter-output>
        </test-method> <!-- tearDown -->
        <test-method status="PASS" signature="setUp()[pri:0, instance:com.crm.qa.testcases.ContactsPageTest@5315b42e]" name="setUp" is-config="true" duration-ms="20518" started-at="2018-08-02T13:40:28Z" finished-at="2018-08-02T13:40:49Z">
          <reporter-output>
          </reporter-output>
        </test-method> <!-- setUp -->
        <test-method status="PASS" signature="verifyAddNewContactTest(java.lang.String, java.lang.String, java.lang.String, java.lang.String)[pri:0, instance:com.crm.qa.testcases.ContactsPageTest@5315b42e]" name="verifyAddNewContactTest" duration-ms="3099" started-at="2018-08-02T13:40:49Z" data-provider="getFreeCrmTestData" finished-at="2018-08-02T13:40:52Z">
          <params>
            <param index="0">
              <value>
                <![CDATA[Ms.]]>
              </value>
            </param>
            <param index="1">
              <value>
                <![CDATA[Shiv]]>
              </value>
            </param>
            <param index="2">
              <value>
                <![CDATA[P]]>
              </value>
            </param>
            <param index="3">
              <value>
                <![CDATA[Amazon]]>
              </value>
            </param>
          </params>
          <reporter-output>
          </reporter-output>
        </test-method> <!-- verifyAddNewContactTest -->
        <test-method status="PASS" signature="tearDown()[pri:0, instance:com.crm.qa.testcases.ContactsPageTest@5315b42e]" name="tearDown" is-config="true" duration-ms="0" started-at="2018-08-02T13:40:52Z" finished-at="2018-08-02T13:40:52Z">
          <reporter-output>
          </reporter-output>
        </test-method> <!-- tearDown -->
        <test-method status="PASS" signature="setUp()[pri:0, instance:com.crm.qa.testcases.ContactsPageTest@5315b42e]" name="setUp" is-config="true" duration-ms="12208" started-at="2018-08-02T13:40:52Z" finished-at="2018-08-02T13:41:04Z">
          <reporter-output>
          </reporter-output>
        </test-method> <!-- setUp -->
        <test-method status="PASS" signature="verifyAddNewContactTest(java.lang.String, java.lang.String, java.lang.String, java.lang.String)[pri:0, instance:com.crm.qa.testcases.ContactsPageTest@5315b42e]" name="verifyAddNewContactTest" duration-ms="2983" started-at="2018-08-02T13:41:04Z" data-provider="getFreeCrmTestData" finished-at="2018-08-02T13:41:07Z">
          <params>
            <param index="0">
              <value>
                <![CDATA[Dr.]]>
              </value>
            </param>
            <param index="1">
              <value>
                <![CDATA[Tom]]>
              </value>
            </param>
            <param index="2">
              <value>
                <![CDATA[Peter]]>
              </value>
            </param>
            <param index="3">
              <value>
                <![CDATA[Qwer]]>
              </value>
            </param>
          </params>
          <reporter-output>
          </reporter-output>
        </test-method> <!-- verifyAddNewContactTest -->
        <test-method status="PASS" signature="tearDown()[pri:0, instance:com.crm.qa.testcases.ContactsPageTest@5315b42e]" name="tearDown" is-config="true" duration-ms="0" started-at="2018-08-02T13:41:07Z" finished-at="2018-08-02T13:41:07Z">
          <reporter-output>
          </reporter-output>
        </test-method> <!-- tearDown -->
        <test-method status="PASS" signature="setUp()[pri:0, instance:com.crm.qa.testcases.ContactsPageTest@5315b42e]" name="setUp" is-config="true" duration-ms="14759" started-at="2018-08-02T13:41:07Z" finished-at="2018-08-02T13:41:22Z">
          <reporter-output>
          </reporter-output>
        </test-method> <!-- setUp -->
        <test-method status="PASS" signature="verifyContactLabelTest()[pri:1, instance:com.crm.qa.testcases.ContactsPageTest@5315b42e]" name="verifyContactLabelTest" duration-ms="33" started-at="2018-08-02T13:41:22Z" finished-at="2018-08-02T13:41:22Z">
          <reporter-output>
          </reporter-output>
        </test-method> <!-- verifyContactLabelTest -->
        <test-method status="PASS" signature="tearDown()[pri:0, instance:com.crm.qa.testcases.ContactsPageTest@5315b42e]" name="tearDown" is-config="true" duration-ms="0" started-at="2018-08-02T13:41:22Z" finished-at="2018-08-02T13:41:22Z">
          <reporter-output>
          </reporter-output>
        </test-method> <!-- tearDown -->
        <test-method status="PASS" signature="setUp()[pri:0, instance:com.crm.qa.testcases.ContactsPageTest@5315b42e]" name="setUp" is-config="true" duration-ms="30536" started-at="2018-08-02T13:41:22Z" finished-at="2018-08-02T13:41:53Z">
          <reporter-output>
          </reporter-output>
        </test-method> <!-- setUp -->
        <test-method status="PASS" signature="verifyselectSingleContactByNameTest()[pri:2, instance:com.crm.qa.testcases.ContactsPageTest@5315b42e]" name="verifyselectSingleContactByNameTest" duration-ms="113" started-at="2018-08-02T13:41:53Z" finished-at="2018-08-02T13:41:53Z">
          <reporter-output>
          </reporter-output>
        </test-method> <!-- verifyselectSingleContactByNameTest -->
        <test-method status="PASS" signature="tearDown()[pri:0, instance:com.crm.qa.testcases.ContactsPageTest@5315b42e]" name="tearDown" is-config="true" duration-ms="0" started-at="2018-08-02T13:41:53Z" finished-at="2018-08-02T13:41:53Z">
          <reporter-output>
          </reporter-output>
        </test-method> <!-- tearDown -->
        <test-method status="PASS" signature="setUp()[pri:0, instance:com.crm.qa.testcases.ContactsPageTest@5315b42e]" name="setUp" is-config="true" duration-ms="20937" started-at="2018-08-02T13:41:53Z" finished-at="2018-08-02T13:42:14Z">
          <reporter-output>
          </reporter-output>
        </test-method> <!-- setUp -->
        <test-method status="PASS" signature="verifyselectMultipleContactByNameTest()[pri:3, instance:com.crm.qa.testcases.ContactsPageTest@5315b42e]" name="verifyselectMultipleContactByNameTest" duration-ms="185" started-at="2018-08-02T13:42:14Z" finished-at="2018-08-02T13:42:14Z">
          <reporter-output>
          </reporter-output>
        </test-method> <!-- verifyselectMultipleContactByNameTest -->
        <test-method status="PASS" signature="tearDown()[pri:0, instance:com.crm.qa.testcases.ContactsPageTest@5315b42e]" name="tearDown" is-config="true" duration-ms="0" started-at="2018-08-02T13:42:14Z" finished-at="2018-08-02T13:42:14Z">
          <reporter-output>
          </reporter-output>
        </test-method> <!-- tearDown -->
      </class> <!-- com.crm.qa.testcases.ContactsPageTest -->
      <class name="com.crm.qa.testcases.LoginPageTest">
        <test-method status="PASS" signature="setUp()[pri:0, instance:com.crm.qa.testcases.LoginPageTest@246ae04d]" name="setUp" is-config="true" duration-ms="9758" started-at="2018-08-02T13:38:38Z" finished-at="2018-08-02T13:38:47Z">
          <reporter-output>
          </reporter-output>
        </test-method> <!-- setUp -->
        <test-method status="PASS" signature="logInTest()[pri:0, instance:com.crm.qa.testcases.LoginPageTest@246ae04d]" name="logInTest" duration-ms="7629" started-at="2018-08-02T13:38:47Z" finished-at="2018-08-02T13:38:55Z">
          <reporter-output>
          </reporter-output>
        </test-method> <!-- logInTest -->
        <test-method status="PASS" signature="tearDown()[pri:0, instance:com.crm.qa.testcases.LoginPageTest@246ae04d]" name="tearDown" is-config="true" duration-ms="660" started-at="2018-08-02T13:38:55Z" finished-at="2018-08-02T13:38:56Z">
          <reporter-output>
          </reporter-output>
        </test-method> <!-- tearDown -->
        <test-method status="PASS" signature="setUp()[pri:0, instance:com.crm.qa.testcases.LoginPageTest@246ae04d]" name="setUp" is-config="true" duration-ms="7069" started-at="2018-08-02T13:38:56Z" finished-at="2018-08-02T13:39:03Z">
          <reporter-output>
          </reporter-output>
        </test-method> <!-- setUp -->
        <test-method status="FAIL" signature="loginPageTitleTest()[pri:0, instance:com.crm.qa.testcases.LoginPageTest@246ae04d]" name="loginPageTitleTest" duration-ms="14" started-at="2018-08-02T13:39:03Z" finished-at="2018-08-02T13:39:03Z">
          <exception class="java.lang.AssertionError">
            <message>
              <![CDATA[expected:<#1 Free CRM software in the cloud for sales and service> but was:<Free CRM software in the cloud powers sales and customer service>]]>
            </message>
            <full-stacktrace>
              <![CDATA[java.lang.AssertionError: expected:<#1 Free CRM software in the cloud for sales and service> but was:<Free CRM software in the cloud powers sales and customer service>
	at org.testng.AssertJUnit.assertEquals(AssertJUnit.java:101)
	at org.testng.AssertJUnit.assertEquals(AssertJUnit.java:108)
	at com.crm.qa.testcases.LoginPageTest.loginPageTitleTest(LoginPageTest.java:42)
	at sun.reflect.NativeMethodAccessorImpl.invoke0(Native Method)
	at sun.reflect.NativeMethodAccessorImpl.invoke(NativeMethodAccessorImpl.java:62)
	at sun.reflect.DelegatingMethodAccessorImpl.invoke(DelegatingMethodAccessorImpl.java:43)
	at java.lang.reflect.Method.invoke(Method.java:497)
	at org.testng.internal.MethodInvocationHelper.invokeMethod(MethodInvocationHelper.java:86)
	at org.testng.internal.Invoker.invokeMethod(Invoker.java:643)
	at org.testng.internal.Invoker.invokeTestMethod(Invoker.java:820)
	at org.testng.internal.Invoker.invokeTestMethods(Invoker.java:1128)
	at org.testng.internal.TestMethodWorker.invokeTestMethods(TestMethodWorker.java:129)
	at org.testng.internal.TestMethodWorker.run(TestMethodWorker.java:112)
	at org.testng.TestRunner.privateRun(TestRunner.java:782)
	at org.testng.TestRunner.run(TestRunner.java:632)
	at org.testng.SuiteRunner.runTest(SuiteRunner.java:366)
	at org.testng.SuiteRunner.runSequentially(SuiteRunner.java:361)
	at org.testng.SuiteRunner.privateRun(SuiteRunner.java:319)
	at org.testng.SuiteRunner.run(SuiteRunner.java:268)
	at org.testng.SuiteRunnerWorker.runSuite(SuiteRunnerWorker.java:52)
	at org.testng.SuiteRunnerWorker.run(SuiteRunnerWorker.java:86)
	at org.testng.TestNG.runSuitesSequentially(TestNG.java:1244)
	at org.testng.TestNG.runSuitesLocally(TestNG.java:1169)
	at org.testng.TestNG.run(TestNG.java:1064)
	at org.apache.maven.surefire.testng.TestNGExecutor.run(TestNGExecutor.java:281)
	at org.apache.maven.surefire.testng.TestNGXmlTestSuite.execute(TestNGXmlTestSuite.java:75)
	at org.apache.maven.surefire.testng.TestNGProvider.invoke(TestNGProvider.java:121)
	at org.apache.maven.surefire.booter.ForkedBooter.invokeProviderInSameClassLoader(ForkedBooter.java:290)
	at org.apache.maven.surefire.booter.ForkedBooter.runSuitesInProcess(ForkedBooter.java:242)
	at org.apache.maven.surefire.booter.ForkedBooter.main(ForkedBooter.java:121)
]]>
            </full-stacktrace>
          </exception> <!-- java.lang.AssertionError -->
          <reporter-output>
          </reporter-output>
        </test-method> <!-- loginPageTitleTest -->
        <test-method status="PASS" signature="tearDown()[pri:0, instance:com.crm.qa.testcases.LoginPageTest@246ae04d]" name="tearDown" is-config="true" duration-ms="629" started-at="2018-08-02T13:39:03Z" finished-at="2018-08-02T13:39:03Z">
          <reporter-output>
          </reporter-output>
        </test-method> <!-- tearDown -->
        <test-method status="PASS" signature="setUp()[pri:0, instance:com.crm.qa.testcases.LoginPageTest@246ae04d]" name="setUp" is-config="true" duration-ms="6824" started-at="2018-08-02T13:39:03Z" finished-at="2018-08-02T13:39:10Z">
          <reporter-output>
          </reporter-output>
        </test-method> <!-- setUp -->
        <test-method status="PASS" signature="loginpageLogoTest()[pri:0, instance:com.crm.qa.testcases.LoginPageTest@246ae04d]" name="loginpageLogoTest" duration-ms="51" started-at="2018-08-02T13:39:10Z" finished-at="2018-08-02T13:39:10Z">
          <reporter-output>
          </reporter-output>
        </test-method> <!-- loginpageLogoTest -->
        <test-method status="PASS" signature="tearDown()[pri:0, instance:com.crm.qa.testcases.LoginPageTest@246ae04d]" name="tearDown" is-config="true" duration-ms="623" started-at="2018-08-02T13:39:10Z" finished-at="2018-08-02T13:39:11Z">
          <reporter-output>
          </reporter-output>
        </test-method> <!-- tearDown -->
      </class> <!-- com.crm.qa.testcases.LoginPageTest -->
    </test> <!-- Free CRM App Test Cases -->
  </suite> <!-- FREE CRM Application Test Automation Test Suite -->
</testng-results>
