<?xml version="1.0" encoding="UTF-8"?>
<testng-results skipped="0" failed="1" ignored="0" total="13" passed="12">
  <reporter-output>
  </reporter-output>
  <suite name="FREE CRM Application Test Automation Test Suite" duration-ms="204196" started-at="2018-08-03T03:03:05Z" finished-at="2018-08-03T03:06:29Z">
    <groups>
    </groups>
    <test name="Free CRM App Test Cases" duration-ms="204196" started-at="2018-08-03T03:03:05Z" finished-at="2018-08-03T03:06:29Z">
      <class name="com.crm.qa.testcases.HomePageTest">
        <test-method status="PASS" signature="setUp()[pri:0, instance:com.crm.qa.testcases.HomePageTest@43738a82]" name="setUp" is-config="true" duration-ms="15787" started-at="2018-08-03T03:03:42Z" finished-at="2018-08-03T03:03:58Z">
          <reporter-output>
          </reporter-output>
        </test-method> <!-- setUp -->
        <test-method status="PASS" signature="verifyContactLinkTest()[pri:0, instance:com.crm.qa.testcases.HomePageTest@43738a82]" name="verifyContactLinkTest" duration-ms="1462" started-at="2018-08-03T03:03:58Z" finished-at="2018-08-03T03:03:59Z">
          <reporter-output>
          </reporter-output>
        </test-method> <!-- verifyContactLinkTest -->
        <test-method status="PASS" signature="tearDown()[pri:0, instance:com.crm.qa.testcases.HomePageTest@43738a82]" name="tearDown" is-config="true" duration-ms="659" started-at="2018-08-03T03:03:59Z" finished-at="2018-08-03T03:04:00Z">
          <reporter-output>
          </reporter-output>
        </test-method> <!-- tearDown -->
        <test-method status="PASS" signature="setUp()[pri:0, instance:com.crm.qa.testcases.HomePageTest@43738a82]" name="setUp" is-config="true" duration-ms="11864" started-at="2018-08-03T03:05:15Z" finished-at="2018-08-03T03:05:27Z">
          <reporter-output>
          </reporter-output>
        </test-method> <!-- setUp -->
        <test-method status="PASS" signature="verifyHomePageTitleTest()[pri:1, instance:com.crm.qa.testcases.HomePageTest@43738a82]" name="verifyHomePageTitleTest" duration-ms="9" started-at="2018-08-03T03:05:27Z" finished-at="2018-08-03T03:05:27Z">
          <reporter-output>
          </reporter-output>
        </test-method> <!-- verifyHomePageTitleTest -->
        <test-method status="PASS" signature="tearDown()[pri:0, instance:com.crm.qa.testcases.HomePageTest@43738a82]" name="tearDown" is-config="true" duration-ms="666" started-at="2018-08-03T03:05:27Z" finished-at="2018-08-03T03:05:27Z">
          <reporter-output>
          </reporter-output>
        </test-method> <!-- tearDown -->
        <test-method status="PASS" signature="setUp()[pri:0, instance:com.crm.qa.testcases.HomePageTest@43738a82]" name="setUp" is-config="true" duration-ms="13110" started-at="2018-08-03T03:05:44Z" finished-at="2018-08-03T03:05:58Z">
          <reporter-output>
          </reporter-output>
        </test-method> <!-- setUp -->
        <test-method status="PASS" signature="verifyUserNameTest()[pri:2, instance:com.crm.qa.testcases.HomePageTest@43738a82]" name="verifyUserNameTest" duration-ms="83" started-at="2018-08-03T03:05:58Z" finished-at="2018-08-03T03:05:58Z">
          <reporter-output>
          </reporter-output>
        </test-method> <!-- verifyUserNameTest -->
        <test-method status="PASS" signature="tearDown()[pri:0, instance:com.crm.qa.testcases.HomePageTest@43738a82]" name="tearDown" is-config="true" duration-ms="677" started-at="2018-08-03T03:05:58Z" finished-at="2018-08-03T03:05:58Z">
          <reporter-output>
          </reporter-output>
        </test-method> <!-- tearDown -->
      </class> <!-- com.crm.qa.testcases.HomePageTest -->
      <class name="com.crm.qa.testcases.ContactsPageTest">
        <test-method status="PASS" signature="setUp()[pri:0, instance:com.crm.qa.testcases.ContactsPageTest@c81cdd1]" name="setUp" is-config="true" duration-ms="13856" started-at="2018-08-03T03:04:02Z" finished-at="2018-08-03T03:04:15Z">
          <reporter-output>
          </reporter-output>
        </test-method> <!-- setUp -->
        <test-method status="PASS" signature="verifyAddNewContactTest(java.lang.String, java.lang.String, java.lang.String, java.lang.String)[pri:0, instance:com.crm.qa.testcases.ContactsPageTest@c81cdd1]" name="verifyAddNewContactTest" duration-ms="4783" started-at="2018-08-03T03:04:15Z" data-provider="getFreeCrmTestData" finished-at="2018-08-03T03:04:20Z">
          <params>
            <param index="0">
              <value>
                <![CDATA[Mr.]]>
              </value>
            </param>
            <param index="1">
              <value>
                <![CDATA[Nihar]]>
              </value>
            </param>
            <param index="2">
              <value>
                <![CDATA[G]]>
              </value>
            </param>
            <param index="3">
              <value>
                <![CDATA[Google]]>
              </value>
            </param>
          </params>
          <reporter-output>
          </reporter-output>
        </test-method> <!-- verifyAddNewContactTest -->
        <test-method status="PASS" signature="tearDown()[pri:0, instance:com.crm.qa.testcases.ContactsPageTest@c81cdd1]" name="tearDown" is-config="true" duration-ms="0" started-at="2018-08-03T03:04:20Z" finished-at="2018-08-03T03:04:20Z">
          <reporter-output>
          </reporter-output>
        </test-method> <!-- tearDown -->
        <test-method status="PASS" signature="setUp()[pri:0, instance:com.crm.qa.testcases.ContactsPageTest@c81cdd1]" name="setUp" is-config="true" duration-ms="13852" started-at="2018-08-03T03:04:20Z" finished-at="2018-08-03T03:04:34Z">
          <reporter-output>
          </reporter-output>
        </test-method> <!-- setUp -->
        <test-method status="PASS" signature="verifyAddNewContactTest(java.lang.String, java.lang.String, java.lang.String, java.lang.String)[pri:0, instance:com.crm.qa.testcases.ContactsPageTest@c81cdd1]" name="verifyAddNewContactTest" duration-ms="3769" started-at="2018-08-03T03:04:34Z" data-provider="getFreeCrmTestData" finished-at="2018-08-03T03:04:38Z">
          <params>
            <param index="0">
              <value>
                <![CDATA[Mrs.]]>
              </value>
            </param>
            <param index="1">
              <value>
                <![CDATA[Kay]]>
              </value>
            </param>
            <param index="2">
              <value>
                <![CDATA[S]]>
              </value>
            </param>
            <param index="3">
              <value>
                <![CDATA[Facebook]]>
              </value>
            </param>
          </params>
          <reporter-output>
          </reporter-output>
        </test-method> <!-- verifyAddNewContactTest -->
        <test-method status="PASS" signature="tearDown()[pri:0, instance:com.crm.qa.testcases.ContactsPageTest@c81cdd1]" name="tearDown" is-config="true" duration-ms="0" started-at="2018-08-03T03:04:38Z" finished-at="2018-08-03T03:04:38Z">
          <reporter-output>
          </reporter-output>
        </test-method> <!-- tearDown -->
        <test-method status="PASS" signature="setUp()[pri:0, instance:com.crm.qa.testcases.ContactsPageTest@c81cdd1]" name="setUp" is-config="true" duration-ms="16293" started-at="2018-08-03T03:04:38Z" finished-at="2018-08-03T03:04:54Z">
          <reporter-output>
          </reporter-output>
        </test-method> <!-- setUp -->
        <test-method status="PASS" signature="verifyAddNewContactTest(java.lang.String, java.lang.String, java.lang.String, java.lang.String)[pri:0, instance:com.crm.qa.testcases.ContactsPageTest@c81cdd1]" name="verifyAddNewContactTest" duration-ms="3477" started-at="2018-08-03T03:04:54Z" data-provider="getFreeCrmTestData" finished-at="2018-08-03T03:04:58Z">
          <params>
            <param index="0">
              <value>
                <![CDATA[Ms.]]>
              </value>
            </param>
            <param index="1">
              <value>
                <![CDATA[Shiv]]>
              </value>
            </param>
            <param index="2">
              <value>
                <![CDATA[P]]>
              </value>
            </param>
            <param index="3">
              <value>
                <![CDATA[Amazon]]>
              </value>
            </param>
          </params>
          <reporter-output>
          </reporter-output>
        </test-method> <!-- verifyAddNewContactTest -->
        <test-method status="PASS" signature="tearDown()[pri:0, instance:com.crm.qa.testcases.ContactsPageTest@c81cdd1]" name="tearDown" is-config="true" duration-ms="0" started-at="2018-08-03T03:04:58Z" finished-at="2018-08-03T03:04:58Z">
          <reporter-output>
          </reporter-output>
        </test-method> <!-- tearDown -->
        <test-method status="PASS" signature="setUp()[pri:0, instance:com.crm.qa.testcases.ContactsPageTest@c81cdd1]" name="setUp" is-config="true" duration-ms="13834" started-at="2018-08-03T03:04:58Z" finished-at="2018-08-03T03:05:11Z">
          <reporter-output>
          </reporter-output>
        </test-method> <!-- setUp -->
        <test-method status="PASS" signature="verifyAddNewContactTest(java.lang.String, java.lang.String, java.lang.String, java.lang.String)[pri:0, instance:com.crm.qa.testcases.ContactsPageTest@c81cdd1]" name="verifyAddNewContactTest" duration-ms="3258" started-at="2018-08-03T03:05:11Z" data-provider="getFreeCrmTestData" finished-at="2018-08-03T03:05:15Z">
          <params>
            <param index="0">
              <value>
                <![CDATA[Dr.]]>
              </value>
            </param>
            <param index="1">
              <value>
                <![CDATA[Tom]]>
              </value>
            </param>
            <param index="2">
              <value>
                <![CDATA[Peter]]>
              </value>
            </param>
            <param index="3">
              <value>
                <![CDATA[Qwer]]>
              </value>
            </param>
          </params>
          <reporter-output>
          </reporter-output>
        </test-method> <!-- verifyAddNewContactTest -->
        <test-method status="PASS" signature="tearDown()[pri:0, instance:com.crm.qa.testcases.ContactsPageTest@c81cdd1]" name="tearDown" is-config="true" duration-ms="1" started-at="2018-08-03T03:05:15Z" finished-at="2018-08-03T03:05:15Z">
          <reporter-output>
          </reporter-output>
        </test-method> <!-- tearDown -->
        <test-method status="PASS" signature="setUp()[pri:0, instance:com.crm.qa.testcases.ContactsPageTest@c81cdd1]" name="setUp" is-config="true" duration-ms="17245" started-at="2018-08-03T03:05:27Z" finished-at="2018-08-03T03:05:44Z">
          <reporter-output>
          </reporter-output>
        </test-method> <!-- setUp -->
        <test-method status="PASS" signature="verifyContactLabelTest()[pri:1, instance:com.crm.qa.testcases.ContactsPageTest@c81cdd1]" name="verifyContactLabelTest" duration-ms="43" started-at="2018-08-03T03:05:44Z" finished-at="2018-08-03T03:05:44Z">
          <reporter-output>
          </reporter-output>
        </test-method> <!-- verifyContactLabelTest -->
        <test-method status="PASS" signature="tearDown()[pri:0, instance:com.crm.qa.testcases.ContactsPageTest@c81cdd1]" name="tearDown" is-config="true" duration-ms="0" started-at="2018-08-03T03:05:44Z" finished-at="2018-08-03T03:05:44Z">
          <reporter-output>
          </reporter-output>
        </test-method> <!-- tearDown -->
        <test-method status="PASS" signature="setUp()[pri:0, instance:com.crm.qa.testcases.ContactsPageTest@c81cdd1]" name="setUp" is-config="true" duration-ms="15785" started-at="2018-08-03T03:05:58Z" finished-at="2018-08-03T03:06:14Z">
          <reporter-output>
          </reporter-output>
        </test-method> <!-- setUp -->
        <test-method status="PASS" signature="verifyselectSingleContactByNameTest()[pri:2, instance:com.crm.qa.testcases.ContactsPageTest@c81cdd1]" name="verifyselectSingleContactByNameTest" duration-ms="122" started-at="2018-08-03T03:06:14Z" finished-at="2018-08-03T03:06:14Z">
          <reporter-output>
          </reporter-output>
        </test-method> <!-- verifyselectSingleContactByNameTest -->
        <test-method status="PASS" signature="tearDown()[pri:0, instance:com.crm.qa.testcases.ContactsPageTest@c81cdd1]" name="tearDown" is-config="true" duration-ms="0" started-at="2018-08-03T03:06:14Z" finished-at="2018-08-03T03:06:14Z">
          <reporter-output>
          </reporter-output>
        </test-method> <!-- tearDown -->
        <test-method status="PASS" signature="setUp()[pri:0, instance:com.crm.qa.testcases.ContactsPageTest@c81cdd1]" name="setUp" is-config="true" duration-ms="14522" started-at="2018-08-03T03:06:14Z" finished-at="2018-08-03T03:06:29Z">
          <reporter-output>
          </reporter-output>
        </test-method> <!-- setUp -->
        <test-method status="PASS" signature="verifyselectMultipleContactByNameTest()[pri:3, instance:com.crm.qa.testcases.ContactsPageTest@c81cdd1]" name="verifyselectMultipleContactByNameTest" duration-ms="190" started-at="2018-08-03T03:06:29Z" finished-at="2018-08-03T03:06:29Z">
          <reporter-output>
          </reporter-output>
        </test-method> <!-- verifyselectMultipleContactByNameTest -->
        <test-method status="PASS" signature="tearDown()[pri:0, instance:com.crm.qa.testcases.ContactsPageTest@c81cdd1]" name="tearDown" is-config="true" duration-ms="0" started-at="2018-08-03T03:06:29Z" finished-at="2018-08-03T03:06:29Z">
          <reporter-output>
          </reporter-output>
        </test-method> <!-- tearDown -->
      </class> <!-- com.crm.qa.testcases.ContactsPageTest -->
      <class name="com.crm.qa.testcases.LoginPageTest">
        <test-method status="PASS" signature="setUp()[pri:0, instance:com.crm.qa.testcases.LoginPageTest@7403c468]" name="setUp" is-config="true" duration-ms="10356" started-at="2018-08-03T03:03:05Z" finished-at="2018-08-03T03:03:15Z">
          <reporter-output>
          </reporter-output>
        </test-method> <!-- setUp -->
        <test-method status="PASS" signature="logInTest()[pri:0, instance:com.crm.qa.testcases.LoginPageTest@7403c468]" name="logInTest" duration-ms="9280" started-at="2018-08-03T03:03:15Z" finished-at="2018-08-03T03:03:24Z">
          <reporter-output>
          </reporter-output>
        </test-method> <!-- logInTest -->
        <test-method status="PASS" signature="tearDown()[pri:0, instance:com.crm.qa.testcases.LoginPageTest@7403c468]" name="tearDown" is-config="true" duration-ms="756" started-at="2018-08-03T03:03:24Z" finished-at="2018-08-03T03:03:25Z">
          <reporter-output>
          </reporter-output>
        </test-method> <!-- tearDown -->
        <test-method status="PASS" signature="setUp()[pri:0, instance:com.crm.qa.testcases.LoginPageTest@7403c468]" name="setUp" is-config="true" duration-ms="7322" started-at="2018-08-03T03:03:25Z" finished-at="2018-08-03T03:03:33Z">
          <reporter-output>
          </reporter-output>
        </test-method> <!-- setUp -->
        <test-method status="FAIL" signature="loginPageTitleTest()[pri:0, instance:com.crm.qa.testcases.LoginPageTest@7403c468]" name="loginPageTitleTest" duration-ms="20" started-at="2018-08-03T03:03:33Z" finished-at="2018-08-03T03:03:33Z">
          <exception class="java.lang.AssertionError">
            <message>
              <![CDATA[expected:<#1 Free CRM software in the cloud for sales and service> but was:<Free CRM software in the cloud powers sales and customer service>]]>
            </message>
            <full-stacktrace>
              <![CDATA[java.lang.AssertionError: expected:<#1 Free CRM software in the cloud for sales and service> but was:<Free CRM software in the cloud powers sales and customer service>
at org.testng.AssertJUnit.assertEquals(AssertJUnit.java:101)
at org.testng.AssertJUnit.assertEquals(AssertJUnit.java:108)
at com.crm.qa.testcases.LoginPageTest.loginPageTitleTest(LoginPageTest.java:42)
at sun.reflect.NativeMethodAccessorImpl.invoke0(Native Method)
at sun.reflect.NativeMethodAccessorImpl.invoke(NativeMethodAccessorImpl.java:62)
at sun.reflect.DelegatingMethodAccessorImpl.invoke(DelegatingMethodAccessorImpl.java:43)
at java.lang.reflect.Method.invoke(Method.java:497)
at org.testng.internal.MethodInvocationHelper.invokeMethod(MethodInvocationHelper.java:124)
at org.testng.internal.Invoker.invokeMethod(Invoker.java:580)
at org.testng.internal.Invoker.invokeTestMethod(Invoker.java:716)
at org.testng.internal.Invoker.invokeTestMethods(Invoker.java:988)
at org.testng.internal.TestMethodWorker.invokeTestMethods(TestMethodWorker.java:125)
at org.testng.internal.TestMethodWorker.run(TestMethodWorker.java:109)
at org.testng.TestRunner.privateRun(TestRunner.java:648)
at org.testng.TestRunner.run(TestRunner.java:505)
at org.testng.SuiteRunner.runTest(SuiteRunner.java:455)
at org.testng.SuiteRunner.runSequentially(SuiteRunner.java:450)
at org.testng.SuiteRunner.privateRun(SuiteRunner.java:415)
at org.testng.SuiteRunner.run(SuiteRunner.java:364)
at org.testng.SuiteRunnerWorker.runSuite(SuiteRunnerWorker.java:52)
at org.testng.SuiteRunnerWorker.run(SuiteRunnerWorker.java:84)
at org.testng.TestNG.runSuitesSequentially(TestNG.java:1208)
at org.testng.TestNG.runSuitesLocally(TestNG.java:1137)
at org.testng.TestNG.runSuites(TestNG.java:1049)
at org.testng.TestNG.run(TestNG.java:1017)
at org.testng.remote.AbstractRemoteTestNG.run(AbstractRemoteTestNG.java:114)
at org.testng.remote.RemoteTestNG.initAndRun(RemoteTestNG.java:251)
at org.testng.remote.RemoteTestNG.main(RemoteTestNG.java:77)
]]>
            </full-stacktrace>
          </exception> <!-- java.lang.AssertionError -->
          <reporter-output>
          </reporter-output>
        </test-method> <!-- loginPageTitleTest -->
        <test-method status="PASS" signature="tearDown()[pri:0, instance:com.crm.qa.testcases.LoginPageTest@7403c468]" name="tearDown" is-config="true" duration-ms="647" started-at="2018-08-03T03:03:33Z" finished-at="2018-08-03T03:03:33Z">
          <reporter-output>
          </reporter-output>
        </test-method> <!-- tearDown -->
        <test-method status="PASS" signature="setUp()[pri:0, instance:com.crm.qa.testcases.LoginPageTest@7403c468]" name="setUp" is-config="true" duration-ms="7911" started-at="2018-08-03T03:03:33Z" finished-at="2018-08-03T03:03:41Z">
          <reporter-output>
          </reporter-output>
        </test-method> <!-- setUp -->
        <test-method status="PASS" signature="loginpageLogoTest()[pri:0, instance:com.crm.qa.testcases.LoginPageTest@7403c468]" name="loginpageLogoTest" duration-ms="53" started-at="2018-08-03T03:03:41Z" finished-at="2018-08-03T03:03:41Z">
          <reporter-output>
          </reporter-output>
        </test-method> <!-- loginpageLogoTest -->
        <test-method status="PASS" signature="tearDown()[pri:0, instance:com.crm.qa.testcases.LoginPageTest@7403c468]" name="tearDown" is-config="true" duration-ms="643" started-at="2018-08-03T03:03:41Z" finished-at="2018-08-03T03:03:42Z">
          <reporter-output>
          </reporter-output>
        </test-method> <!-- tearDown -->
      </class> <!-- com.crm.qa.testcases.LoginPageTest -->
    </test> <!-- Free CRM App Test Cases -->
  </suite> <!-- FREE CRM Application Test Automation Test Suite -->
</testng-results>
